

Started GET "/" for 127.0.0.1 at 2014-08-14 21:13:02 -0300

ActiveRecord::PendingMigrationError (

Migrations are pending. To resolve this issue, run:

	bin/rake db:migrate RAILS_ENV=development

):
  activerecord (4.1.4) lib/active_record/migration.rb:389:in `check_pending!'
  activerecord (4.1.4) lib/active_record/migration.rb:377:in `call'
  actionpack (4.1.4) lib/action_dispatch/middleware/callbacks.rb:29:in `block in call'
  activesupport (4.1.4) lib/active_support/callbacks.rb:82:in `run_callbacks'
  actionpack (4.1.4) lib/action_dispatch/middleware/callbacks.rb:27:in `call'
  actionpack (4.1.4) lib/action_dispatch/middleware/reloader.rb:73:in `call'
  actionpack (4.1.4) lib/action_dispatch/middleware/remote_ip.rb:76:in `call'
  actionpack (4.1.4) lib/action_dispatch/middleware/debug_exceptions.rb:17:in `call'
  actionpack (4.1.4) lib/action_dispatch/middleware/show_exceptions.rb:30:in `call'
  railties (4.1.4) lib/rails/rack/logger.rb:38:in `call_app'
  railties (4.1.4) lib/rails/rack/logger.rb:20:in `block in call'
  activesupport (4.1.4) lib/active_support/tagged_logging.rb:68:in `block in tagged'
  activesupport (4.1.4) lib/active_support/tagged_logging.rb:26:in `tagged'
  activesupport (4.1.4) lib/active_support/tagged_logging.rb:68:in `tagged'
  railties (4.1.4) lib/rails/rack/logger.rb:20:in `call'
  actionpack (4.1.4) lib/action_dispatch/middleware/request_id.rb:21:in `call'
  rack (1.5.2) lib/rack/methodoverride.rb:21:in `call'
  rack (1.5.2) lib/rack/runtime.rb:17:in `call'
  activesupport (4.1.4) lib/active_support/cache/strategy/local_cache_middleware.rb:26:in `call'
  rack (1.5.2) lib/rack/lock.rb:17:in `call'
  actionpack (4.1.4) lib/action_dispatch/middleware/static.rb:64:in `call'
  rack (1.5.2) lib/rack/sendfile.rb:112:in `call'
  railties (4.1.4) lib/rails/engine.rb:514:in `call'
  railties (4.1.4) lib/rails/application.rb:144:in `call'
  rack (1.5.2) lib/rack/lock.rb:17:in `call'
  rack (1.5.2) lib/rack/content_length.rb:14:in `call'
  rack (1.5.2) lib/rack/handler/webrick.rb:60:in `service'
  /Users/thadeubrito/.rvm/rubies/ruby-1.9.3-p545/lib/ruby/1.9.1/webrick/httpserver.rb:138:in `service'
  /Users/thadeubrito/.rvm/rubies/ruby-1.9.3-p545/lib/ruby/1.9.1/webrick/httpserver.rb:94:in `run'
  /Users/thadeubrito/.rvm/rubies/ruby-1.9.3-p545/lib/ruby/1.9.1/webrick/server.rb:191:in `block in start_thread'


  Rendered /Users/thadeubrito/.rvm/rubies/ruby-1.9.3-p545/lib/ruby/gems/1.9.1/gems/actionpack-4.1.4/lib/action_dispatch/middleware/templates/rescues/_source.erb (1.2ms)
  Rendered /Users/thadeubrito/.rvm/rubies/ruby-1.9.3-p545/lib/ruby/gems/1.9.1/gems/actionpack-4.1.4/lib/action_dispatch/middleware/templates/rescues/_trace.html.erb (1.5ms)
  Rendered /Users/thadeubrito/.rvm/rubies/ruby-1.9.3-p545/lib/ruby/gems/1.9.1/gems/actionpack-4.1.4/lib/action_dispatch/middleware/templates/rescues/_request_and_response.html.erb (1.3ms)
  Rendered /Users/thadeubrito/.rvm/rubies/ruby-1.9.3-p545/lib/ruby/gems/1.9.1/gems/actionpack-4.1.4/lib/action_dispatch/middleware/templates/rescues/diagnostics.erb within rescues/layout (78.0ms)
  [1m[36m (53.7ms)[0m  [1mCREATE TABLE "schema_migrations" ("version" character varying(255) NOT NULL) [0m
  [1m[35m (7.8ms)[0m  CREATE UNIQUE INDEX  "unique_schema_migrations" ON "schema_migrations"  ("version")
  [1m[36mActiveRecord::SchemaMigration Load (0.6ms)[0m  [1mSELECT "schema_migrations".* FROM "schema_migrations"[0m
Migrating to CreateStations (20140814235524)
  [1m[35m (0.2ms)[0m  BEGIN
  [1m[36m (21.1ms)[0m  [1mCREATE TABLE "stations" ("id" serial primary key, "latitude" float, "longitude" float, "name" character varying(255), "zone" integer, "total_lines" integer, "rail" integer, "created_at" timestamp, "updated_at" timestamp) [0m
  [1m[35mSQL (0.8ms)[0m  INSERT INTO "schema_migrations" ("version") VALUES ($1)  [["version", "20140814235524"]]
  [1m[36m (0.9ms)[0m  [1mCOMMIT[0m
  [1m[35mActiveRecord::SchemaMigration Load (0.3ms)[0m  SELECT "schema_migrations".* FROM "schema_migrations"


Started GET "/" for 127.0.0.1 at 2014-08-14 21:13:43 -0300
  [1m[36mActiveRecord::SchemaMigration Load (0.4ms)[0m  [1mSELECT "schema_migrations".* FROM "schema_migrations"[0m
Processing by Rails::WelcomeController#index as HTML
  Rendered /Users/thadeubrito/.rvm/rubies/ruby-1.9.3-p545/lib/ruby/gems/1.9.1/gems/railties-4.1.4/lib/rails/templates/rails/welcome/index.html.erb (1.2ms)
Completed 200 OK in 59ms (Views: 17.5ms | ActiveRecord: 0.0ms)


Started GET "/stations" for 127.0.0.1 at 2014-08-14 21:13:49 -0300
Processing by StationsController#index as HTML
  [1m[35mStation Load (0.9ms)[0m  SELECT "stations".* FROM "stations"
  Rendered stations/index.html.erb within layouts/application (3.4ms)
Completed 200 OK in 1276ms (Views: 1272.1ms | ActiveRecord: 0.9ms)


Started GET "/assets/scaffolds.css?body=1" for 127.0.0.1 at 2014-08-14 21:13:50 -0300


Started GET "/assets/stations.css?body=1" for 127.0.0.1 at 2014-08-14 21:13:50 -0300


Started GET "/assets/application.css?body=1" for 127.0.0.1 at 2014-08-14 21:13:50 -0300


Started GET "/assets/jquery.js?body=1" for 127.0.0.1 at 2014-08-14 21:13:50 -0300


Started GET "/assets/jquery_ujs.js?body=1" for 127.0.0.1 at 2014-08-14 21:13:50 -0300


Started GET "/assets/turbolinks.js?body=1" for 127.0.0.1 at 2014-08-14 21:13:50 -0300


Started GET "/assets/stations.js?body=1" for 127.0.0.1 at 2014-08-14 21:13:50 -0300


Started GET "/assets/application.js?body=1" for 127.0.0.1 at 2014-08-14 21:13:50 -0300


Started GET "/stations/new" for 127.0.0.1 at 2014-08-14 21:13:52 -0300
Processing by StationsController#new as HTML
  Rendered stations/_form.html.erb (121.8ms)
  Rendered stations/new.html.erb within layouts/application (191.7ms)
Completed 200 OK in 214ms (Views: 198.4ms | ActiveRecord: 11.6ms)
